0 info it worked if it ends with ok
1 verbose cli [ 'node', '/usr/local/bin/npm', 'install' ]
2 info using npm@1.1.48
3 info using node@v0.8.4
4 verbose node symlink /usr/local/bin/node
5 verbose config file /Users/steffoz/.npmrc
6 verbose config file /usr/local/etc/npmrc
7 verbose config file /usr/local/lib/node_modules/npm/npmrc
8 verbose read json /Users/steffoz/code/sites/welaika/tavern-logger/package.json
9 error install Couldn't read dependencies
10 error Failed to parse json
10 error Unexpected string
11 error File: /Users/steffoz/code/sites/welaika/tavern-logger/package.json
12 error Failed to parse package.json data.
12 error package.json must be actual JSON, not just JavaScript.
12 error
12 error This is not a bug in npm.
12 error Tell the package author to fix their package.json file. JSON.parse
13 error System Darwin 12.1.0
14 error command "node" "/usr/local/bin/npm" "install"
15 error cwd /Users/steffoz/code/sites/welaika/tavern-logger/public
16 error node -v v0.8.4
17 error npm -v 1.1.48
18 error file /Users/steffoz/code/sites/welaika/tavern-logger/package.json
19 error code EJSONPARSE
20 verbose exit [ 1, true ]
